GET /api/v1/blockchain/sync - 
    2024-05-12 
    03:15:04
GET /api/v1/blockchain/sync - 
    2024-05-12 
    03:15:04
GET /api/v1/blockchain/sync - 
    2024-05-12 
    03:15:04
GET /api/v1/blockchain/sync - 
    2024-05-12 
    03:27:44
GET /api/v1/blockchain/sync - 
    2024-05-12 
    03:27:44
GET /api/v1/blockchain/sync - 
    2024-05-12 
    03:27:44
GET /api/v1/blockchain/sync - 
    2024-05-12 
    03:30:00
GET /api/v1/blockchain/sync - 
    2024-05-12 
    03:30:00
GET /api/v1/blockchain/sync - 
    2024-05-12 
    03:30:00
GET /api/v1/blockchain/sync - 
    2024-05-12 
    03:31:36
GET /api/v1/blockchain/sync - 
    2024-05-12 
    03:31:36
GET /api/v1/blockchain/sync - 
    2024-05-12 
    03:31:36
GET /api/v1/blockchain/sync - 
    2024-05-12 
    03:33:56
GET /api/v1/blockchain/sync - 
    2024-05-12 
    03:33:56
GET /api/v1/blockchain/sync - 
    2024-05-12 
    03:33:56
GET /api/v1/blockchain/sync - 
    2024-05-12 
    03:34:36
GET /api/v1/blockchain/sync - 
    2024-05-12 
    03:34:36
GET /api/v1/blockchain/sync - 
    2024-05-12 
    03:34:36
GET /api/v1/blockchain/sync - 
    2024-05-12 
    03:36:45
GET /api/v1/blockchain/sync - 
    2024-05-12 
    03:36:45
GET /api/v1/blockchain/sync - 
    2024-05-12 
    03:36:45
GET /api/v1/blockchain/sync - 
    2024-05-12 
    03:38:39
GET /api/v1/blockchain/sync - 
    2024-05-12 
    03:38:39
GET /api/v1/blockchain/sync - 
    2024-05-12 
    03:38:39
GET /api/v1/blockchain/sync - 
    2024-05-12 
    03:40:13
GET /api/v1/blockchain/sync - 
    2024-05-12 
    03:40:13
GET /api/v1/blockchain/sync - 
    2024-05-12 
    03:40:13
GET /api/v1/nodes - 
    2024-05-12 
    03:40:49
POST /api/v1/nodes/register-node - 
    2024-05-12 
    03:40:53
POST /api/v1/nodes/register-node - 
    2024-05-12 
    03:40:53
POST /api/v1/nodes/register-node - 
    2024-05-12 
    03:40:53
POST /api/v1/nodes/register-node - 
    2024-05-12 
    03:40:53
POST /api/v1/nodes/register-node - 
    2024-05-12 
    03:40:53
POST /api/v1/nodes/register-node - 
    2024-05-12 
    03:41:03
POST /api/v1/nodes/register-node - 
    2024-05-12 
    03:41:04
POST /api/v1/nodes/register-node - 
    2024-05-12 
    03:41:04
POST /api/v1/nodes/register-node - 
    2024-05-12 
    03:41:04
POST /api/v1/nodes/register-node - 
    2024-05-12 
    03:41:04
POST /api/v1/nodes/register-node - 
    2024-05-12 
    03:41:04
POST /api/v1/nodes/register-node - 
    2024-05-12 
    03:41:04
POST /api/v1/nodes/register-node - 
    2024-05-12 
    03:41:04
POST /api/v1/nodes/register-node - 
    2024-05-12 
    03:41:04
POST /api/v1/nodes/register-node - 
    2024-05-12 
    03:41:04
POST /api/v1/nodes/register-node - 
    2024-05-12 
    03:41:04
POST /api/v1/nodes/register-node - 
    2024-05-12 
    03:41:04
GET /api/v1/nodes - 
    2024-05-12 
    03:41:07
GET /api/v1/blockchain - 
    2024-05-12 
    03:41:12
GET /api/v1/blockchain - 
    2024-05-12 
    03:41:22
GET /api/v1/blockchain - 
    2024-05-12 
    03:41:24
POST /api/v1/blockchain/mine - 
    2024-05-12 
    03:41:34
POST /api/v1/blockchain/block/distribute - 
    2024-05-12 
    03:41:34
POST /api/v1/blockchain/block/distribute - 
    2024-05-12 
    03:41:34
GET /api/v1/blockchain/sync - 
    2024-05-12 
    03:41:35
GET /api/v1/blockchain/sync - 
    2024-05-12 
    03:41:35
GET /api/v1/blockchain/sync - 
    2024-05-12 
    03:41:35
POST /api/v1/blockchain/mine - 
    2024-05-12 
    03:41:44
GET /api/v1/blockchain/sync - 
    2024-05-12 
    03:41:45
GET /api/v1/blockchain/sync - 
    2024-05-12 
    03:41:45
GET /api/v1/blockchain/sync - 
    2024-05-12 
    03:41:45
GET /api/v1/blockchain - 
    2024-05-12 
    03:41:52
GET /api/v1/nodes - 
    2024-05-12 
    03:42:17
GET /api/v1/blockchain/sync - 
    2024-05-12 
    03:42:27
GET /api/v1/blockchain/sync - 
    2024-05-12 
    03:42:27
GET /api/v1/blockchain/sync - 
    2024-05-12 
    03:42:27
GET /api/v1/blockchain/sync - 
    2024-05-12 
    03:42:30
GET /api/v1/blockchain/sync - 
    2024-05-12 
    03:42:30
GET /api/v1/blockchain/sync - 
    2024-05-12 
    03:42:30
GET /api/v1/nodes - 
    2024-05-12 
    03:42:52
POST /api/v1/nodes/register-node - 
    2024-05-12 
    03:43:37
POST /api/v1/nodes/register-node - 
    2024-05-12 
    03:43:37
POST /api/v1/nodes/register-node - 
    2024-05-12 
    03:43:37
POST /api/v1/nodes/register-node - 
    2024-05-12 
    03:43:37
POST /api/v1/nodes/register-node - 
    2024-05-12 
    03:43:37
GET /api/v1/nodes - 
    2024-05-12 
    03:43:40
GET /api/v1/blockchain - 
    2024-05-12 
    03:43:45
POST /api/v1/blockchain/mine - 
    2024-05-12 
    03:43:51
POST /api/v1/blockchain/block/distribute - 
    2024-05-12 
    03:43:51
GET /api/v1/blockchain/sync - 
    2024-05-12 
    03:43:52
GET /api/v1/blockchain/sync - 
    2024-05-12 
    03:43:52
GET /api/v1/blockchain/sync - 
    2024-05-12 
    03:43:52
POST /api/v1/blockchain/mine - 
    2024-05-12 
    03:44:00
GET /api/v1/blockchain/sync - 
    2024-05-12 
    03:44:01
GET /api/v1/blockchain/sync - 
    2024-05-12 
    03:44:01
GET /api/v1/blockchain/sync - 
    2024-05-12 
    03:44:01
GET /api/v1/blockchain - 
    2024-05-12 
    03:44:06
GET /api/v1/blockchain/sync - 
    2024-05-12 
    03:56:10
GET /api/v1/blockchain/sync - 
    2024-05-12 
    03:56:10
GET /api/v1/blockchain/sync - 
    2024-05-12 
    03:56:10
GET /api/v1/nodes - 
    2024-05-12 
    03:57:14
POST /api/v1/nodes/register-node - 
    2024-05-12 
    03:57:16
POST /api/v1/nodes/register-node - 
    2024-05-12 
    03:57:16
POST /api/v1/nodes/register-node - 
    2024-05-12 
    03:57:16
POST /api/v1/nodes/register-node - 
    2024-05-12 
    03:57:16
POST /api/v1/nodes/register-node - 
    2024-05-12 
    03:57:16
POST /api/v1/nodes/register-node - 
    2024-05-12 
    03:57:21
POST /api/v1/nodes/register-node - 
    2024-05-12 
    03:57:21
POST /api/v1/nodes/register-node - 
    2024-05-12 
    03:57:21
POST /api/v1/nodes/register-node - 
    2024-05-12 
    03:57:21
POST /api/v1/nodes/register-node - 
    2024-05-12 
    03:57:21
POST /api/v1/nodes/register-node - 
    2024-05-12 
    03:57:21
POST /api/v1/nodes/register-node - 
    2024-05-12 
    03:57:21
POST /api/v1/nodes/register-node - 
    2024-05-12 
    03:57:21
POST /api/v1/nodes/register-node - 
    2024-05-12 
    03:57:21
POST /api/v1/nodes/register-node - 
    2024-05-12 
    03:57:21
POST /api/v1/nodes/register-node - 
    2024-05-12 
    03:57:21
POST /api/v1/nodes/register-node - 
    2024-05-12 
    03:57:21
GET /api/v1/nodes - 
    2024-05-12 
    03:57:24
GET /api/v1/blockchain - 
    2024-05-12 
    03:57:29
POST /api/v1/blockchain/mine - 
    2024-05-12 
    03:57:34
POST /api/v1/blockchain/block/distribute - 
    2024-05-12 
    03:57:34
POST /api/v1/blockchain/block/distribute - 
    2024-05-12 
    03:57:34
POST /api/v1/blockchain/mine - 
    2024-05-12 
    03:57:43
POST /api/v1/blockchain/mine - 
    2024-05-12 
    03:57:57
POST /api/v1/blockchain/mine - 
    2024-05-12 
    03:58:01
GET /api/v1/blockchain - 
    2024-05-12 
    03:58:07
