
    Method: POST 
    URL: /api/v1/blockchain/block/distribute 
    Date: 2024-05-12 
    Time: 03:41:34 
    Success: false
    Message: Can't find /api/v1/blockchain/block/distribute on this server

    Method: POST 
    URL: /api/v1/blockchain/block/distribute 
    Date: 2024-05-12 
    Time: 03:41:34 
    Success: false
    Message: Can't find /api/v1/blockchain/block/distribute on this server

    Method: POST 
    URL: /api/v1/blockchain/block/distribute 
    Date: 2024-05-12 
    Time: 03:43:51 
    Success: false
    Message: Can't find /api/v1/blockchain/block/distribute on this server

    Method: POST 
    URL: /api/v1/blockchain/block/distribute 
    Date: 2024-05-12 
    Time: 03:57:34 
    Success: false
    Message: Can't find /api/v1/blockchain/block/distribute on this server

    Method: POST 
    URL: /api/v1/blockchain/block/distribute 
    Date: 2024-05-12 
    Time: 03:57:34 
    Success: false
    Message: Can't find /api/v1/blockchain/block/distribute on this server
